<?xml version="1.0" encoding="UTF-8" ?>
<testsuite errors="0" failures="0" hostname="kevin-VirtualBox" name="RennschneckeTest" skipped="0" tests="8" time="0.033" timestamp="2016-07-25T18:49:49">
  <properties>
    <property name="ant.project.invoked-targets" value="run" />
    <property name="java.runtime.name" value="Java(TM) SE Runtime Environment" />
    <property name="sun.boot.library.path" value="/usr/lib/jvm/java-8-oracle/jre/lib/amd64" />
    <property name="java.vm.version" value="25.91-b14" />
    <property name="ant.file.Rennschnecke_Example" value="/home/kevin/workspace/Rennschnecke_Example_Kopie/build.xml" />
    <property name="ant.library.dir" value="/usr/lib/eclipse/plugins/org.apache.ant_1.8.3.v20120321-1730/lib" />
    <property name="ant.version" value="Apache Ant(TM) version 1.9.6 compiled on July 8 2015" />
    <property name="ant.java.version" value="1.8" />
    <property name="java.vm.vendor" value="Oracle Corporation" />
    <property name="java.vendor.url" value="http://java.oracle.com/" />
    <property name="path.separator" value=":" />
    <property name="java.vm.name" value="Java HotSpot(TM) 64-Bit Server VM" />
    <property name="file.encoding.pkg" value="sun.io" />
    <property name="user.country" value="DE" />
    <property name="sun.java.launcher" value="SUN_STANDARD" />
    <property name="sun.os.patch.level" value="unknown" />
    <property name="java.vm.specification.name" value="Java Virtual Machine Specification" />
    <property name="user.dir" value="/home/kevin/workspace/Rennschnecke_Example_Kopie" />
    <property name="java.runtime.version" value="1.8.0_91-b14" />
    <property name="java.awt.graphicsenv" value="sun.awt.X11GraphicsEnvironment" />
    <property name="eclipse.pdebuild.scripts" value="/usr/lib/eclipse/dropins/sdk/plugins/org.eclipse.pde.build_3.8.1.dist/scripts//" />
    <property name="basedir" value="/home/kevin/workspace/Rennschnecke_Example_Kopie" />
    <property name="java.endorsed.dirs" value="/usr/lib/jvm/java-8-oracle/jre/lib/endorsed" />
    <property name="os.arch" value="amd64" />
    <property name="ant.project.default-target" value="run" />
    <property name="java.io.tmpdir" value="/tmp" />
    <property name="ant.core.lib" value="/usr/share/java/ant-1.9.6.jar" />
    <property name="line.separator" value="&#xa;" />
    <property name="java.vm.specification.vendor" value="Oracle Corporation" />
    <property name="os.name" value="Linux" />
    <property name="ant.home" value="/usr/lib/eclipse/plugins/org.apache.ant_1.8.3.v20120321-1730" />
    <property name="eclipse.pdebuild.templates" value="/usr/lib/eclipse/dropins/sdk/plugins/org.eclipse.pde.build_3.8.1.dist/templates//" />
    <property name="ant.file.type.Rennschnecke_Example" value="file" />
    <property name="ant.project.name" value="Rennschnecke_Example" />
    <property name="sun.jnu.encoding" value="UTF-8" />
    <property name="eclipse.pdebuild.home" value="/usr/lib/eclipse/dropins/sdk/plugins/org.eclipse.pde.build_3.8.1.dist/.//" />
    <property name="java.library.path" value="/usr/java/packages/lib/amd64:/usr/lib64:/lib64:/lib:/usr/lib" />
    <property name="java.class.version" value="52.0" />
    <property name="java.specification.name" value="Java Platform API Specification" />
    <property name="sun.management.compiler" value="HotSpot 64-Bit Tiered Compilers" />
    <property name="os.version" value="4.4.0-31-generic" />
    <property name="ant.file" value="/home/kevin/workspace/Rennschnecke_Example_Kopie/build.xml" />
    <property name="user.home" value="/home/kevin" />
    <property name="user.timezone" value="" />
    <property name="java.awt.printerjob" value="sun.print.PSPrinterJob" />
    <property name="file.encoding" value="UTF-8" />
    <property name="java.specification.version" value="1.8" />
    <property name="user.name" value="kevin" />
    <property name="java.class.path" value="/usr/lib/eclipse/plugins/org.apache.ant_1.8.3.v20120321-1730/lib/ant-antlr.jar:/usr/lib/eclipse/plugins/org.apache.ant_1.8.3.v20120321-1730/lib/ant-apache-bcel.jar:/usr/lib/eclipse/plugins/org.apache.ant_1.8.3.v20120321-1730/lib/ant-apache-bsf.jar:/usr/lib/eclipse/plugins/org.apache.ant_1.8.3.v20120321-1730/lib/ant-apache-log4j.jar:/usr/lib/eclipse/plugins/org.apache.ant_1.8.3.v20120321-1730/lib/ant-apache-oro.jar:/usr/lib/eclipse/plugins/org.apache.ant_1.8.3.v20120321-1730/lib/ant-apache-regexp.jar:/usr/lib/eclipse/plugins/org.apache.ant_1.8.3.v20120321-1730/lib/ant-apache-resolver.jar:/usr/lib/eclipse/plugins/org.apache.ant_1.8.3.v20120321-1730/lib/ant-apache-xalan2.jar:/usr/lib/eclipse/plugins/org.apache.ant_1.8.3.v20120321-1730/lib/ant-commons-logging.jar:/usr/lib/eclipse/plugins/org.apache.ant_1.8.3.v20120321-1730/lib/ant-commons-net.jar:/usr/lib/eclipse/plugins/org.apache.ant_1.8.3.v20120321-1730/lib/ant-javamail.jar:/usr/lib/eclipse/plugins/org.apache.ant_1.8.3.v20120321-1730/lib/ant-jdepend.jar:/usr/lib/eclipse/plugins/org.apache.ant_1.8.3.v20120321-1730/lib/ant-jmf.jar:/usr/lib/eclipse/plugins/org.apache.ant_1.8.3.v20120321-1730/lib/ant-jsch.jar:/usr/lib/eclipse/plugins/org.apache.ant_1.8.3.v20120321-1730/lib/ant-junit.jar:/usr/lib/eclipse/plugins/org.apache.ant_1.8.3.v20120321-1730/lib/ant-junit4.jar:/usr/lib/eclipse/plugins/org.apache.ant_1.8.3.v20120321-1730/lib/ant-launcher.jar:/usr/lib/eclipse/plugins/org.apache.ant_1.8.3.v20120321-1730/lib/ant-swing.jar:/usr/lib/eclipse/plugins/org.apache.ant_1.8.3.v20120321-1730/lib/ant.jar:/home/kevin/.eclipse/org.eclipse.platform_3.8_155965261/configuration/org.eclipse.osgi/bundles/166/1/.cp/lib/antdebug.jar:/home/kevin/.eclipse/org.eclipse.platform_3.8_155965261/configuration/org.eclipse.osgi/bundles/166/1/.cp/lib/remote.jar:/home/kevin/.eclipse/org.eclipse.platform_3.8_155965261/configuration/org.eclipse.osgi/bundles/167/1/.cp/lib/remoteAnt.jar:/usr/lib/jvm/java-8-oracle/lib/tools.jar" />
    <property name="java.vm.specification.version" value="1.8" />
    <property name="sun.java.command" value="org.eclipse.ant.internal.launching.remote.InternalAntRunner -Dorg.eclipse.ant.core.ANT_PROCESS_ID=1469472587142 -Declipse.connect.port=35603 -Declipse.pdebuild.home=/usr/lib/eclipse/dropins/sdk/plugins/org.eclipse.pde.build_3.8.1.dist/.// -Declipse.pdebuild.scripts=/usr/lib/eclipse/dropins/sdk/plugins/org.eclipse.pde.build_3.8.1.dist/scripts// -Declipse.pdebuild.templates=/usr/lib/eclipse/dropins/sdk/plugins/org.eclipse.pde.build_3.8.1.dist/templates// -Dant.home=/usr/lib/eclipse/plugins/org.apache.ant_1.8.3.v20120321-1730 -logger org.eclipse.ant.internal.launching.remote.logger.RemoteAntBuildLogger -inputhandler org.eclipse.ant.internal.ui.antsupport.inputhandler.ProxyInputHandler -buildfile /home/kevin/workspace/Rennschnecke_Example_Kopie/build.xml" />
    <property name="java.home" value="/usr/lib/jvm/java-8-oracle/jre" />
    <property name="sun.arch.data.model" value="64" />
    <property name="java.specification.vendor" value="Oracle Corporation" />
    <property name="user.language" value="de" />
    <property name="awt.toolkit" value="sun.awt.X11.XToolkit" />
    <property name="java.vm.info" value="mixed mode" />
    <property name="java.version" value="1.8.0_91" />
    <property name="java.ext.dirs" value="/usr/lib/jvm/java-8-oracle/jre/lib/ext:/usr/java/packages/lib/ext" />
    <property name="sun.boot.class.path" value="/usr/lib/jvm/java-8-oracle/jre/lib/resources.jar:/usr/lib/jvm/java-8-oracle/jre/lib/rt.jar:/usr/lib/jvm/java-8-oracle/jre/lib/sunrsasign.jar:/usr/lib/jvm/java-8-oracle/jre/lib/jsse.jar:/usr/lib/jvm/java-8-oracle/jre/lib/jce.jar:/usr/lib/jvm/java-8-oracle/jre/lib/charsets.jar:/usr/lib/jvm/java-8-oracle/jre/lib/jfr.jar:/usr/lib/jvm/java-8-oracle/jre/classes" />
    <property name="java.vendor" value="Oracle Corporation" />
    <property name="file.separator" value="/" />
    <property name="java.vendor.url.bug" value="http://bugreport.sun.com/bugreport/" />
    <property name="sun.cpu.endian" value="little" />
    <property name="sun.io.unicode.encoding" value="UnicodeLittle" />
    <property name="sun.desktop" value="gnome" />
    <property name="sun.cpu.isalist" value="" />
  </properties>
  <testcase classname="RennschneckeTest" name="testCheckKonstruktor" time="0.0" />
  <testcase classname="RennschneckeTest" name="testCreateRennschneckeTestObject" time="0.0" />
  <testcase classname="RennschneckeTest" name="testCheckGetRasse" time="0.0" />
  <testcase classname="RennschneckeTest" name="testCheckGetMaxSp" time="0.0" />
  <testcase classname="RennschneckeTest" name="testCheckGetStrecke" time="0.0" />
  <testcase classname="RennschneckeTest" name="testCheckKrieche" time="0.0" />
  <testcase classname="RennschneckeTest" name="testCheckToString" time="0.0" />
  <testcase classname="RennschneckeTest" name="testCheckGetName" time="0.0" />
  <system-out><![CDATA[]]></system-out>
  <system-err><![CDATA[]]></system-err>
</testsuite>
